# JRE version: Java(TM) SE Runtime Environment (22.0.2+9) (build 22.0.2+9-70)
# Java VM: Java HotSpot(TM) 64-Bit Server VM (22.0.2+9-70, mixed mode, sharing, tiered, compressed oops, compressed class ptrs, g1 gc, windows-amd64)
GC Precious Log:
 CardTable entry size: 512
 Card Set container configuration: InlinePtr #cards 4 size 8 Array Of Cards #cards 32 size 80 Howl #buckets 8 coarsen threshold 7372 Howl Bitmap #cards 1024 size 144 coarsen threshold 921 Card regions per heap region 1 cards per card region 8192
 CPUs: 22 total, 22 available
 Memory: 32509M
 Large Page Support: Disabled
 NUMA Support: Disabled
 Compressed Oops: Enabled (Zero based)
 Heap Region Size: 4M
 Heap Min Capacity: 8M
 Heap Initial Capacity: 508M
 Heap Max Capacity: 8128M
 Pre-touch: Disabled
 Parallel Workers: 16
 Concurrent Workers: 4
 Concurrent Refinement Workers: 16
 Periodic GC: Disabled
Heap:
 garbage-first heap   total reserved 8323072K, committed 106496K, used 72994K [0x0000000604000000, 0x0000000800000000)
  region size 4096K, 13 young (53248K), 1 survivors (4096K)
 Metaspace       used 26514K, committed 27008K, reserved 1114112K
  class space    used 3574K, committed 3776K, reserved 1048576K
GC Heap History (18 events):
Event: 0.452 GC heap before
{Heap before GC invocations=0 (full 0):
 garbage-first heap   total reserved 8323072K, committed 520192K, used 20480K [0x0000000604000000, 0x0000000800000000)
  region size 4096K, 6 young (24576K), 0 survivors (0K)
 Metaspace       used 5130K, committed 5376K, reserved 1114112K
  class space    used 567K, committed 704K, reserved 1048576K
}
Event: 0.456 GC heap after
{Heap after GC invocations=1 (full 0):
 garbage-first heap   total reserved 8323072K, committed 520192K, used 4223K [0x0000000604000000, 0x0000000800000000)
  region size 4096K, 1 young (4096K), 1 survivors (4096K)
 Metaspace       used 5130K, committed 5376K, reserved 1114112K
  class space    used 567K, committed 704K, reserved 1048576K
}
Event: 1.359 GC heap before
{Heap before GC invocations=1 (full 0):
 garbage-first heap   total reserved 8323072K, committed 520192K, used 36991K [0x0000000604000000, 0x0000000800000000)
  region size 4096K, 10 young (40960K), 1 survivors (4096K)
 Metaspace       used 13279K, committed 13696K, reserved 1114112K
  class space    used 1639K, committed 1792K, reserved 1048576K
}
Event: 1.363 GC heap after
{Heap after GC invocations=2 (full 0):
 garbage-first heap   total reserved 8323072K, committed 520192K, used 8244K [0x0000000604000000, 0x0000000800000000)
  region size 4096K, 2 young (8192K), 2 survivors (8192K)
 Metaspace       used 13279K, committed 13696K, reserved 1114112K
  class space    used 1639K, committed 1792K, reserved 1048576K
}
Event: 3.882 GC heap before
{Heap before GC invocations=2 (full 0):
 garbage-first heap   total reserved 8323072K, committed 520192K, used 57396K [0x0000000604000000, 0x0000000800000000)
  region size 4096K, 16 young (65536K), 2 survivors (8192K)
 Metaspace       used 21101K, committed 21504K, reserved 1114112K
  class space    used 2907K, committed 3072K, reserved 1048576K
}
Event: 3.890 GC heap after
{Heap after GC invocations=3 (full 0):
 garbage-first heap   total reserved 8323072K, committed 520192K, used 17896K [0x0000000604000000, 0x0000000800000000)
  region size 4096K, 5 young (20480K), 5 survivors (20480K)
 Metaspace       used 21101K, committed 21504K, reserved 1114112K
  class space    used 2907K, committed 3072K, reserved 1048576K
}
Event: 6.632 GC heap before
{Heap before GC invocations=4 (full 0):
 garbage-first heap   total reserved 8323072K, committed 81920K, used 71144K [0x0000000604000000, 0x0000000800000000)
  region size 4096K, 19 young (77824K), 5 survivors (20480K)
 Metaspace       used 22282K, committed 22720K, reserved 1114112K
  class space    used 2970K, committed 3200K, reserved 1048576K
}
Event: 6.639 GC heap after
{Heap after GC invocations=5 (full 0):
 garbage-first heap   total reserved 8323072K, committed 106496K, used 21410K [0x0000000604000000, 0x0000000800000000)
  region size 4096K, 4 young (16384K), 4 survivors (16384K)
 Metaspace       used 22282K, committed 22720K, reserved 1114112K
  class space    used 2970K, committed 3200K, reserved 1048576K
}
Event: 7.109 GC heap before
{Heap before GC invocations=5 (full 0):
 garbage-first heap   total reserved 8323072K, committed 106496K, used 62370K [0x0000000604000000, 0x0000000800000000)
  region size 4096K, 15 young (61440K), 4 survivors (16384K)
 Metaspace       used 23136K, committed 23616K, reserved 1114112K
  class space    used 3096K, committed 3328K, reserved 1048576K
}
Event: 7.113 GC heap after
{Heap after GC invocations=6 (full 0):
 garbage-first heap   total reserved 8323072K, committed 106496K, used 25035K [0x0000000604000000, 0x0000000800000000)
  region size 4096K, 2 young (8192K), 2 survivors (8192K)
 Metaspace       used 23136K, committed 23616K, reserved 1114112K
  class space    used 3096K, committed 3328K, reserved 1048576K
}
Event: 8.504 GC heap before
{Heap before GC invocations=6 (full 0):
 garbage-first heap   total reserved 8323072K, committed 106496K, used 74187K [0x0000000604000000, 0x0000000800000000)
  region size 4096K, 15 young (61440K), 2 survivors (8192K)
 Metaspace       used 23725K, committed 24256K, reserved 1114112K
  class space    used 3170K, committed 3392K, reserved 1048576K
}
Event: 8.508 GC heap after
{Heap after GC invocations=7 (full 0):
 garbage-first heap   total reserved 8323072K, committed 106496K, used 29184K [0x0000000604000000, 0x0000000800000000)
  region size 4096K, 2 young (8192K), 2 survivors (8192K)
 Metaspace       used 23725K, committed 24256K, reserved 1114112K
  class space    used 3170K, committed 3392K, reserved 1048576K
}
Event: 69.793 GC heap before
{Heap before GC invocations=7 (full 0):
 garbage-first heap   total reserved 8323072K, committed 106496K, used 78336K [0x0000000604000000, 0x0000000800000000)
  region size 4096K, 15 young (61440K), 2 survivors (8192K)
 Metaspace       used 25835K, committed 26368K, reserved 1114112K
  class space    used 3563K, committed 3776K, reserved 1048576K
}
Event: 69.795 GC heap after
{Heap after GC invocations=8 (full 0):
 garbage-first heap   total reserved 8323072K, committed 106496K, used 32130K [0x0000000604000000, 0x0000000800000000)
  region size 4096K, 1 young (4096K), 1 survivors (4096K)
 Metaspace       used 25835K, committed 26368K, reserved 1114112K
  class space    used 3563K, committed 3776K, reserved 1048576K
}
Event: 102.312 GC heap before
{Heap before GC invocations=8 (full 0):
 garbage-first heap   total reserved 8323072K, committed 106496K, used 81282K [0x0000000604000000, 0x0000000800000000)
  region size 4096K, 14 young (57344K), 1 survivors (4096K)
 Metaspace       used 26114K, committed 26560K, reserved 1114112K
  class space    used 3565K, committed 3776K, reserved 1048576K
}
Event: 102.314 GC heap after
{Heap after GC invocations=9 (full 0):
 garbage-first heap   total reserved 8323072K, committed 106496K, used 31989K [0x0000000604000000, 0x0000000800000000)
  region size 4096K, 1 young (4096K), 1 survivors (4096K)
 Metaspace       used 26114K, committed 26560K, reserved 1114112K
  class space    used 3565K, committed 3776K, reserved 1048576K
}
Event: 160.082 GC heap before
{Heap before GC invocations=9 (full 0):
 garbage-first heap   total reserved 8323072K, committed 106496K, used 81141K [0x0000000604000000, 0x0000000800000000)
  region size 4096K, 14 young (57344K), 1 survivors (4096K)
 Metaspace       used 26385K, committed 26880K, reserved 1114112K
  class space    used 3567K, committed 3776K, reserved 1048576K
}
Event: 160.084 GC heap after
{Heap after GC invocations=10 (full 0):
 garbage-first heap   total reserved 8323072K, committed 106496K, used 32034K [0x0000000604000000, 0x0000000800000000)
  region size 4096K, 1 young (4096K), 1 survivors (4096K)
 Metaspace       used 26385K, committed 26880K, reserved 1114112K
  class space    used 3567K, committed 3776K, reserved 1048576K
}

