# JRE version: Java(TM) SE Runtime Environment (22.0.2+9) (build 22.0.2+9-70)
# Java VM: Java HotSpot(TM) 64-Bit Server VM (22.0.2+9-70, mixed mode, sharing, tiered, compressed oops, compressed class ptrs, g1 gc, windows-amd64)
GC Precious Log:
 CardTable entry size: 512
 Card Set container configuration: InlinePtr #cards 4 size 8 Array Of Cards #cards 32 size 80 Howl #buckets 8 coarsen threshold 7372 Howl Bitmap #cards 1024 size 144 coarsen threshold 921 Card regions per heap region 1 cards per card region 8192
 CPUs: 16 total, 16 available
 Memory: 28356M
 Large Page Support: Disabled
 NUMA Support: Disabled
 Compressed Oops: Enabled (Zero based)
 Heap Region Size: 4M
 Heap Min Capacity: 8M
 Heap Initial Capacity: 444M
 Heap Max Capacity: 7092M
 Pre-touch: Disabled
 Parallel Workers: 13
 Concurrent Workers: 3
 Concurrent Refinement Workers: 13
 Periodic GC: Disabled
Heap:
 garbage-first heap   total reserved 7262208K, committed 106496K, used 36406K [0x0000000644c00000, 0x0000000800000000)
  region size 4096K, 7 young (28672K), 1 survivors (4096K)
 Metaspace       used 22638K, committed 23104K, reserved 1114112K
  class space    used 2979K, committed 3200K, reserved 1048576K
GC Heap History (10 events):
Event: 0.262 GC heap before
{Heap before GC invocations=0 (full 0):
 garbage-first heap   total reserved 7262208K, committed 454656K, used 24576K [0x0000000644c00000, 0x0000000800000000)
  region size 4096K, 6 young (24576K), 0 survivors (0K)
 Metaspace       used 5202K, committed 5440K, reserved 1114112K
  class space    used 572K, committed 704K, reserved 1048576K
}
Event: 0.263 GC heap after
{Heap after GC invocations=1 (full 0):
 garbage-first heap   total reserved 7262208K, committed 454656K, used 4116K [0x0000000644c00000, 0x0000000800000000)
  region size 4096K, 1 young (4096K), 1 survivors (4096K)
 Metaspace       used 5202K, committed 5440K, reserved 1114112K
  class space    used 572K, committed 704K, reserved 1048576K
}
Event: 0.700 GC heap before
{Heap before GC invocations=1 (full 0):
 garbage-first heap   total reserved 7262208K, committed 454656K, used 36884K [0x0000000644c00000, 0x0000000800000000)
  region size 4096K, 10 young (40960K), 1 survivors (4096K)
 Metaspace       used 13319K, committed 13696K, reserved 1114112K
  class space    used 1669K, committed 1856K, reserved 1048576K
}
Event: 0.703 GC heap after
{Heap after GC invocations=2 (full 0):
 garbage-first heap   total reserved 7262208K, committed 454656K, used 8178K [0x0000000644c00000, 0x0000000800000000)
  region size 4096K, 2 young (8192K), 2 survivors (8192K)
 Metaspace       used 13319K, committed 13696K, reserved 1114112K
  class space    used 1669K, committed 1856K, reserved 1048576K
}
Event: 3.240 GC heap before
{Heap before GC invocations=2 (full 0):
 garbage-first heap   total reserved 7262208K, committed 454656K, used 57330K [0x0000000644c00000, 0x0000000800000000)
  region size 4096K, 16 young (65536K), 2 survivors (8192K)
 Metaspace       used 21165K, committed 21504K, reserved 1114112K
  class space    used 2931K, committed 3072K, reserved 1048576K
}
Event: 3.244 GC heap after
{Heap after GC invocations=3 (full 0):
 garbage-first heap   total reserved 7262208K, committed 454656K, used 18422K [0x0000000644c00000, 0x0000000800000000)
  region size 4096K, 5 young (20480K), 5 survivors (20480K)
 Metaspace       used 21165K, committed 21504K, reserved 1114112K
  class space    used 2931K, committed 3072K, reserved 1048576K
}
Event: 7.958 GC heap before
{Heap before GC invocations=4 (full 0):
 garbage-first heap   total reserved 7262208K, committed 81920K, used 71670K [0x0000000644c00000, 0x0000000800000000)
  region size 4096K, 19 young (77824K), 5 survivors (20480K)
 Metaspace       used 22135K, committed 22528K, reserved 1114112K
  class space    used 2957K, committed 3136K, reserved 1048576K
}
Event: 7.963 GC heap after
{Heap after GC invocations=5 (full 0):
 garbage-first heap   total reserved 7262208K, committed 106496K, used 21675K [0x0000000644c00000, 0x0000000800000000)
  region size 4096K, 4 young (16384K), 4 survivors (16384K)
 Metaspace       used 22135K, committed 22528K, reserved 1114112K
  class space    used 2957K, committed 3136K, reserved 1048576K
}
Event: 11.415 GC heap before
{Heap before GC invocations=5 (full 0):
 garbage-first heap   total reserved 7262208K, committed 106496K, used 62635K [0x0000000644c00000, 0x0000000800000000)
  region size 4096K, 15 young (61440K), 4 survivors (16384K)
 Metaspace       used 22387K, committed 22784K, reserved 1114112K
  class space    used 2971K, committed 3136K, reserved 1048576K
}
Event: 11.417 GC heap after
{Heap after GC invocations=6 (full 0):
 garbage-first heap   total reserved 7262208K, committed 106496K, used 20022K [0x0000000644c00000, 0x0000000800000000)
  region size 4096K, 1 young (4096K), 1 survivors (4096K)
 Metaspace       used 22387K, committed 22784K, reserved 1114112K
  class space    used 2971K, committed 3136K, reserved 1048576K
}

