# JRE version: Java(TM) SE Runtime Environment (22.0.2+9) (build 22.0.2+9-70)
# Java VM: Java HotSpot(TM) 64-Bit Server VM (22.0.2+9-70, mixed mode, sharing, tiered, compressed oops, compressed class ptrs, g1 gc, windows-amd64)
GC Precious Log:
 CardTable entry size: 512
 Card Set container configuration: InlinePtr #cards 4 size 8 Array Of Cards #cards 32 size 80 Howl #buckets 8 coarsen threshold 7372 Howl Bitmap #cards 1024 size 144 coarsen threshold 921 Card regions per heap region 1 cards per card region 8192
 CPUs: 16 total, 16 available
 Memory: 28356M
 Large Page Support: Disabled
 NUMA Support: Disabled
 Compressed Oops: Enabled (Zero based)
 Heap Region Size: 4M
 Heap Min Capacity: 8M
 Heap Initial Capacity: 444M
 Heap Max Capacity: 7092M
 Pre-touch: Disabled
 Parallel Workers: 13
 Concurrent Workers: 3
 Concurrent Refinement Workers: 13
 Periodic GC: Disabled
Heap:
 garbage-first heap   total reserved 7262208K, committed 106496K, used 22481K [0x0000000644c00000, 0x0000000800000000)
  region size 4096K, 2 young (8192K), 1 survivors (4096K)
 Metaspace       used 22778K, committed 23232K, reserved 1114112K
  class space    used 2983K, committed 3200K, reserved 1048576K
GC Heap History (12 events):
Event: 0.258 GC heap before
{Heap before GC invocations=0 (full 0):
 garbage-first heap   total reserved 7262208K, committed 454656K, used 24576K [0x0000000644c00000, 0x0000000800000000)
  region size 4096K, 6 young (24576K), 0 survivors (0K)
 Metaspace       used 5130K, committed 5376K, reserved 1114112K
  class space    used 568K, committed 704K, reserved 1048576K
}
Event: 0.260 GC heap after
{Heap after GC invocations=1 (full 0):
 garbage-first heap   total reserved 7262208K, committed 454656K, used 8184K [0x0000000644c00000, 0x0000000800000000)
  region size 4096K, 1 young (4096K), 1 survivors (4096K)
 Metaspace       used 5130K, committed 5376K, reserved 1114112K
  class space    used 568K, committed 704K, reserved 1048576K
}
Event: 0.700 GC heap before
{Heap before GC invocations=1 (full 0):
 garbage-first heap   total reserved 7262208K, committed 454656K, used 40952K [0x0000000644c00000, 0x0000000800000000)
  region size 4096K, 10 young (40960K), 1 survivors (4096K)
 Metaspace       used 13279K, committed 13632K, reserved 1114112K
  class space    used 1656K, committed 1792K, reserved 1048576K
}
Event: 0.702 GC heap after
{Heap after GC invocations=2 (full 0):
 garbage-first heap   total reserved 7262208K, committed 454656K, used 8090K [0x0000000644c00000, 0x0000000800000000)
  region size 4096K, 2 young (8192K), 2 survivors (8192K)
 Metaspace       used 13279K, committed 13632K, reserved 1114112K
  class space    used 1656K, committed 1792K, reserved 1048576K
}
Event: 2.857 GC heap before
{Heap before GC invocations=2 (full 0):
 garbage-first heap   total reserved 7262208K, committed 454656K, used 57242K [0x0000000644c00000, 0x0000000800000000)
  region size 4096K, 16 young (65536K), 2 survivors (8192K)
 Metaspace       used 21115K, committed 21504K, reserved 1114112K
  class space    used 2919K, committed 3072K, reserved 1048576K
}
Event: 2.861 GC heap after
{Heap after GC invocations=3 (full 0):
 garbage-first heap   total reserved 7262208K, committed 454656K, used 18514K [0x0000000644c00000, 0x0000000800000000)
  region size 4096K, 5 young (20480K), 5 survivors (20480K)
 Metaspace       used 21115K, committed 21504K, reserved 1114112K
  class space    used 2919K, committed 3072K, reserved 1048576K
}
Event: 8.339 GC heap before
{Heap before GC invocations=4 (full 0):
 garbage-first heap   total reserved 7262208K, committed 81920K, used 71762K [0x0000000644c00000, 0x0000000800000000)
  region size 4096K, 19 young (77824K), 5 survivors (20480K)
 Metaspace       used 22313K, committed 22720K, reserved 1114112K
  class space    used 2964K, committed 3136K, reserved 1048576K
}
Event: 8.343 GC heap after
{Heap after GC invocations=5 (full 0):
 garbage-first heap   total reserved 7262208K, committed 106496K, used 21653K [0x0000000644c00000, 0x0000000800000000)
  region size 4096K, 4 young (16384K), 4 survivors (16384K)
 Metaspace       used 22313K, committed 22720K, reserved 1114112K
  class space    used 2964K, committed 3136K, reserved 1048576K
}
Event: 15.620 GC heap before
{Heap before GC invocations=5 (full 0):
 garbage-first heap   total reserved 7262208K, committed 106496K, used 62613K [0x0000000644c00000, 0x0000000800000000)
  region size 4096K, 15 young (61440K), 4 survivors (16384K)
 Metaspace       used 22584K, committed 23040K, reserved 1114112K
  class space    used 2977K, committed 3200K, reserved 1048576K
}
Event: 15.622 GC heap after
{Heap after GC invocations=6 (full 0):
 garbage-first heap   total reserved 7262208K, committed 106496K, used 21105K [0x0000000644c00000, 0x0000000800000000)
  region size 4096K, 1 young (4096K), 1 survivors (4096K)
 Metaspace       used 22584K, committed 23040K, reserved 1114112K
  class space    used 2977K, committed 3200K, reserved 1048576K
}
Event: 20.197 GC heap before
{Heap before GC invocations=6 (full 0):
 garbage-first heap   total reserved 7262208K, committed 106496K, used 74353K [0x0000000644c00000, 0x0000000800000000)
  region size 4096K, 15 young (61440K), 1 survivors (4096K)
 Metaspace       used 22672K, committed 23104K, reserved 1114112K
  class space    used 2977K, committed 3200K, reserved 1048576K
}
Event: 20.199 GC heap after
{Heap after GC invocations=7 (full 0):
 garbage-first heap   total reserved 7262208K, committed 106496K, used 22481K [0x0000000644c00000, 0x0000000800000000)
  region size 4096K, 1 young (4096K), 1 survivors (4096K)
 Metaspace       used 22672K, committed 23104K, reserved 1114112K
  class space    used 2977K, committed 3200K, reserved 1048576K
}

